"../../../Engine/Content/EngineMaterials/T_Default_Material_Grid_N.uasset" 0
"../../../Engine/Content/EngineMaterials/T_Default_Material_Grid_N.uexp" 1
"../../../Engine/Content/EngineMaterials/T_Default_Material_Grid_N.ubulk" 2
"../../../Engine/Content/EngineMaterials/T_Default_Material_Grid_M.uasset" 3
"../../../Engine/Content/EngineMaterials/T_Default_Material_Grid_M.uexp" 4
"../../../Engine/Content/EngineMaterials/T_Default_Material_Grid_M.ubulk" 5
"../../../Engine/Content/Functions/Engine_MaterialFunctions01/Opacity/CameraDepthFade.uasset" 6
"../../../Engine/Content/Functions/Engine_MaterialFunctions01/Opacity/CameraDepthFade.uexp" 7
"../../../Engine/Content/EngineMaterials/DefaultMaterial.uasset" 8
"../../../Engine/Content/EngineMaterials/DefaultMaterial.uexp" 9
"../../../Engine/Content/BasicShapes/Sphere.uasset" 10
"../../../Engine/Content/BasicShapes/Sphere.uexp" 11
"../../../Engine/Content/EditorBlueprintResources/StandardMacros.uasset" 12
"../../../Engine/Content/EditorBlueprintResources/StandardMacros.uexp" 13
"../../../Engine/Content/BasicShapes/BasicShapeMaterial.uasset" 14
"../../../Engine/Content/BasicShapes/BasicShapeMaterial.uexp" 15
"F:/UnrealEngineFile/SkillBox/Content/Blueprints/Constructuion/Arkanoid/BP_Ball.uasset" 16
"F:/UnrealEngineFile/SkillBox/Content/Blueprints/Constructuion/Arkanoid/BP_Ball.uexp" 17
"F:/UnrealEngineFile/SkillBox/Content/Blueprints/Constructuion/Arkanoid/Bonus/BP_Bonus.uasset" 18
"F:/UnrealEngineFile/SkillBox/Content/Blueprints/Constructuion/Arkanoid/Bonus/BP_Bonus.uexp" 19
"F:/UnrealEngineFile/SkillBox/Content/Environment/Materials/WhiteWall.uasset" 20
"F:/UnrealEngineFile/SkillBox/Content/Environment/Materials/WhiteWall.uexp" 21
"F:/UnrealEngineFile/SkillBox/Content/Environment/Materials/RedWall.uasset" 22
"F:/UnrealEngineFile/SkillBox/Content/Environment/Materials/RedWall.uexp" 23
"../../../Engine/Content/MapTemplates/Materials/BasicAsset03.uasset" 24
"../../../Engine/Content/MapTemplates/Materials/BasicAsset03.uexp" 25
"../../../Engine/Content/Functions/Engine_MaterialFunctions02/Utility/VectorLength.uasset" 26
"../../../Engine/Content/Functions/Engine_MaterialFunctions02/Utility/VectorLength.uexp" 27
"../../../Engine/Plugins/Enterprise/DatasmithContent/Content/Materials/FBXImporter/VRED/VREDRepeatMode.uasset" 28
"../../../Engine/Plugins/Enterprise/DatasmithContent/Content/Materials/FBXImporter/VRED/VREDRepeatMode.uexp" 29
"../../../Engine/Content/Functions/Engine_MaterialFunctions02/Texturing/CustomRotator.uasset" 30
"../../../Engine/Content/Functions/Engine_MaterialFunctions02/Texturing/CustomRotator.uexp" 31
"../../../Engine/Plugins/Enterprise/DatasmithContent/Content/Materials/FBXImporter/VRED/UVMapping.uasset" 32
"../../../Engine/Plugins/Enterprise/DatasmithContent/Content/Materials/FBXImporter/VRED/UVMapping.uexp" 33
"../../../Engine/Content/Functions/Engine_MaterialFunctions02/WorldPositionOffset/LocalPosition.uasset" 34
"../../../Engine/Content/Functions/Engine_MaterialFunctions02/WorldPositionOffset/LocalPosition.uexp" 35
"../../../Engine/Content/Functions/Engine_MaterialFunctions02/Utility/MakeFloat2.uasset" 36
"../../../Engine/Content/Functions/Engine_MaterialFunctions02/Utility/MakeFloat2.uexp" 37
"../../../Engine/Content/Functions/Engine_MaterialFunctions02/WorldPositionOffset/ObjectScale.uasset" 38
"../../../Engine/Content/Functions/Engine_MaterialFunctions02/WorldPositionOffset/ObjectScale.uexp" 39
"../../../Engine/Plugins/Enterprise/DatasmithContent/Content/Materials/FBXImporter/VRED/TriplanarMapping.uasset" 40
"../../../Engine/Plugins/Enterprise/DatasmithContent/Content/Materials/FBXImporter/VRED/TriplanarMapping.uexp" 41
"../../../Engine/Plugins/Enterprise/DatasmithContent/Content/Materials/FBXImporter/VRED/PlanarMapping.uasset" 42
"../../../Engine/Plugins/Enterprise/DatasmithContent/Content/Materials/FBXImporter/VRED/PlanarMapping.uexp" 43
"../../../Engine/Plugins/Enterprise/DatasmithContent/Content/Materials/FBXImporter/VRED/VREDTextureRead.uasset" 44
"../../../Engine/Plugins/Enterprise/DatasmithContent/Content/Materials/FBXImporter/VRED/VREDTextureRead.uexp" 45
"../../../Engine/Content/Functions/MaterialLayerFunctions/MatLayerBlend_Standard.uasset" 46
"../../../Engine/Content/Functions/MaterialLayerFunctions/MatLayerBlend_Standard.uexp" 47
"../../../Engine/Content/Functions/Engine_MaterialFunctions02/Fresnel_Function.uasset" 48
"../../../Engine/Content/Functions/Engine_MaterialFunctions02/Fresnel_Function.uexp" 49
"../../../Engine/Content/Functions/Engine_MaterialFunctions01/Texturing/FlattenNormal.uasset" 50
"../../../Engine/Content/Functions/Engine_MaterialFunctions01/Texturing/FlattenNormal.uexp" 51
"../../../Engine/Content/Functions/Engine_MaterialFunctions01/Texturing/BakedDisplacement.uasset" 52
"../../../Engine/Content/Functions/Engine_MaterialFunctions01/Texturing/BakedDisplacement.uexp" 53
"../../../Engine/Content/EditorShapes/Textures/T_ShapeNormal.uasset" 54
"../../../Engine/Content/EditorShapes/Textures/T_ShapeNormal.uexp" 55
"../../../Engine/Content/EditorShapes/Textures/T_ShapeNormal.ubulk" 56
"../../../Engine/Plugins/Enterprise/DatasmithContent/Content/Materials/FBXImporter/VRED/UnicolorCarpaint.uasset" 57
"../../../Engine/Plugins/Enterprise/DatasmithContent/Content/Materials/FBXImporter/VRED/UnicolorCarpaint.uexp" 58
"../../../Engine/Plugins/Enterprise/DatasmithContent/Content/Materials/AliasMaster.uasset" 59
"../../../Engine/Plugins/Enterprise/DatasmithContent/Content/Materials/AliasMaster.uexp" 60
"../../../Engine/Plugins/Developer/AnimationSharing/Content/AnimSharingBase.uasset" 61
"../../../Engine/Plugins/Developer/AnimationSharing/Content/AnimSharingBase.uexp" 62
"../../../Engine/Plugins/Developer/AnimationSharing/Content/AnimSharingRed.uasset" 63
"../../../Engine/Plugins/Developer/AnimationSharing/Content/AnimSharingRed.uexp" 64
"F:/UnrealEngineFile/SkillBox/Content/Widget_HUD/HUD.uasset" 65
"F:/UnrealEngineFile/SkillBox/Content/Widget_HUD/HUD.uexp" 66
"../../../Engine/Plugins/Enterprise/DatasmithContent/Content/Materials/Arealight.uasset" 67
"../../../Engine/Plugins/Enterprise/DatasmithContent/Content/Materials/Arealight.uexp" 68
"../../../Engine/Content/EngineMaterials/WorldGridMaterial.uasset" 69
"../../../Engine/Content/EngineMaterials/WorldGridMaterial.uexp" 70
"../../../Engine/Content/BasicShapes/Cube.uasset" 71
"../../../Engine/Content/BasicShapes/Cube.uexp" 72
"F:/UnrealEngineFile/SkillBox/Content/Blueprints/Constructuion/Arkanoid/BP_Pawn.uasset" 73
"F:/UnrealEngineFile/SkillBox/Content/Blueprints/Constructuion/Arkanoid/BP_Pawn.uexp" 74
"F:/UnrealEngineFile/SkillBox/Content/Blueprints/Constructuion/Arkanoid/Bonus/ShortenedCarriage.uasset" 75
"F:/UnrealEngineFile/SkillBox/Content/Blueprints/Constructuion/Arkanoid/Bonus/ShortenedCarriage.uexp" 76
"F:/UnrealEngineFile/SkillBox/Content/Blueprints/Constructuion/Arkanoid/BlockProtection.uasset" 77
"F:/UnrealEngineFile/SkillBox/Content/Blueprints/Constructuion/Arkanoid/BlockProtection.uexp" 78
"F:/UnrealEngineFile/SkillBox/Content/Blueprints/Constructuion/Arkanoid/Bonus/Protection.uasset" 79
"F:/UnrealEngineFile/SkillBox/Content/Blueprints/Constructuion/Arkanoid/Bonus/Protection.uexp" 80
"F:/UnrealEngineFile/SkillBox/Content/Blueprints/Constructuion/Arkanoid/Bonus/IncreaseCarriage.uasset" 81
"F:/UnrealEngineFile/SkillBox/Content/Blueprints/Constructuion/Arkanoid/Bonus/IncreaseCarriage.uexp" 82
"../../../Engine/Plugins/Developer/AnimationSharing/Content/AnimSharingGreen.uasset" 83
"../../../Engine/Plugins/Developer/AnimationSharing/Content/AnimSharingGreen.uexp" 84
"F:/UnrealEngineFile/SkillBox/Content/Blueprints/Constructuion/Arkanoid/Bonus/ExtraBall.uasset" 85
"F:/UnrealEngineFile/SkillBox/Content/Blueprints/Constructuion/Arkanoid/Bonus/ExtraBall.uexp" 86
"F:/UnrealEngineFile/SkillBox/Content/Blueprints/Constructuion/Arkanoid/Destruction_unit/BP_Destruction.uasset" 87
"F:/UnrealEngineFile/SkillBox/Content/Blueprints/Constructuion/Arkanoid/Destruction_unit/BP_Destruction.uexp" 88
"F:/UnrealEngineFile/SkillBox/Content/Blueprints/Constructuion/Arkanoid/Destruction_unit/BP_Decrease.uasset" 89
"F:/UnrealEngineFile/SkillBox/Content/Blueprints/Constructuion/Arkanoid/Destruction_unit/BP_Decrease.uexp" 90
"F:/UnrealEngineFile/SkillBox/Content/Blueprints/Constructuion/Arkanoid/Destruction_unit/BlokeChangeMaterial.uasset" 91
"F:/UnrealEngineFile/SkillBox/Content/Blueprints/Constructuion/Arkanoid/Destruction_unit/BlokeChangeMaterial.uexp" 92
"F:/UnrealEngineFile/SkillBox/Content/Cinematics/Takes/2024-02-07/Scene_1_01.uasset" 93
"F:/UnrealEngineFile/SkillBox/Content/Cinematics/Takes/2024-02-07/Scene_1_01.uexp" 94
"../../../Engine/Content/ArtTools/RenderToTexture/Meshes/S_1_Unit_Plane.uasset" 95
"../../../Engine/Content/ArtTools/RenderToTexture/Meshes/S_1_Unit_Plane.uexp" 96
"../../../Engine/Content/BasicShapes/Cone.uasset" 97
"../../../Engine/Content/BasicShapes/Cone.uexp" 98
"../../../Engine/Content/BasicShapes/Plane.uasset" 99
"../../../Engine/Content/BasicShapes/Plane.uexp" 100
"../../../Engine/Content/EditorLandscapeResources/DataLayer.uasset" 101
"../../../Engine/Content/EditorLandscapeResources/DataLayer.uexp" 102
"../../../Engine/Content/EditorLandscapeResources/DefaultAlphaTexture.uasset" 103
"../../../Engine/Content/EditorLandscapeResources/DefaultAlphaTexture.uexp" 104
"../../../Engine/Content/EditorMaterials/MAT_Groups_Toggle.uasset" 105
"../../../Engine/Content/EditorMaterials/MAT_Groups_Toggle.uexp" 106
"../../../Engine/Content/EditorMaterials/MAT_Groups_Visibility.uasset" 107
"../../../Engine/Content/EditorMaterials/MAT_Groups_Visibility.uexp" 108
"../../../Engine/Content/EditorMaterials/PreviewShadowIndicator.uasset" 109
"../../../Engine/Content/EditorMaterials/PreviewShadowIndicator.uexp" 110
"../../../Engine/Content/EditorMaterials/PreviewShadowIndicator.ubulk" 111
"../../../Engine/Content/EditorMaterials/PreviewShadowIndicatorMaterial.uasset" 112
"../../../Engine/Content/EditorMaterials/PreviewShadowIndicatorMaterial.uexp" 113
"../../../Engine/Content/EditorMaterials/MatineeGroups/MAT_ColorTrack.uasset" 114
"../../../Engine/Content/EditorMaterials/MatineeGroups/MAT_ColorTrack.uexp" 115
"../../../Engine/Content/EditorMaterials/MatineeGroups/MAT_Groups_Anim.uasset" 116
"../../../Engine/Content/EditorMaterials/MatineeGroups/MAT_Groups_Anim.uexp" 117
"../../../Engine/Content/EditorMaterials/MatineeGroups/MAT_Groups_AudioMaster.uasset" 118
"../../../Engine/Content/EditorMaterials/MatineeGroups/MAT_Groups_AudioMaster.uexp" 119
"../../../Engine/Content/EditorMaterials/MatineeGroups/MAT_Groups_Director.uasset" 120
"../../../Engine/Content/EditorMaterials/MatineeGroups/MAT_Groups_Director.uexp" 121
"../../../Engine/Content/EditorMaterials/MatineeGroups/MAT_Groups_Event.uasset" 122
"../../../Engine/Content/EditorMaterials/MatineeGroups/MAT_Groups_Event.uexp" 123
"../../../Engine/Content/EditorMaterials/MatineeGroups/MAT_Groups_Fade.uasset" 124
"../../../Engine/Content/EditorMaterials/MatineeGroups/MAT_Groups_Fade.uexp" 125
"../../../Engine/Content/EditorMaterials/MatineeGroups/MAT_Groups_Float.uasset" 126
"../../../Engine/Content/EditorMaterials/MatineeGroups/MAT_Groups_Float.uexp" 127
"../../../Engine/Content/EditorMaterials/MatineeGroups/MAT_Groups_Move.uasset" 128
"../../../Engine/Content/EditorMaterials/MatineeGroups/MAT_Groups_Move.uexp" 129
"../../../Engine/Content/EditorMaterials/MatineeGroups/MAT_Groups_Slomo.uasset" 130
"../../../Engine/Content/EditorMaterials/MatineeGroups/MAT_Groups_Slomo.uexp" 131
"../../../Engine/Content/EditorMaterials/MatineeGroups/MAT_Groups_Sound.uasset" 132
"../../../Engine/Content/EditorMaterials/MatineeGroups/MAT_Groups_Sound.uexp" 133
"../../../Engine/Content/EditorMaterials/MatineeGroups/MAT_Groups_Vector.uasset" 134
"../../../Engine/Content/EditorMaterials/MatineeGroups/MAT_Groups_Vector.uexp" 135
"../../../Engine/Content/EditorMaterials/ParticleSystems/PSysThumbnail_NoImage.uasset" 136
"../../../Engine/Content/EditorMaterials/ParticleSystems/PSysThumbnail_NoImage.uexp" 137
"../../../Engine/Content/EditorMaterials/ParticleSystems/PSysThumbnail_NoImage.ubulk" 138
"../../../Engine/Content/EditorMaterials/ParticleSystems/PSysThumbnail_OOD.uasset" 139
"../../../Engine/Content/EditorMaterials/ParticleSystems/PSysThumbnail_OOD.uexp" 140
"../../../Engine/Content/EditorMaterials/ParticleSystems/PSysThumbnail_OOD.ubulk" 141
"../../../Engine/Content/EditorMaterials/Camera/CineMat.uasset" 142
"../../../Engine/Content/EditorMaterials/Camera/CineMat.uexp" 143
"../../../Engine/Content/EditorMaterials/Camera/MI_CineMat_Rig.uasset" 144
"../../../Engine/Content/EditorMaterials/Camera/MI_CineMat_Rig.uexp" 145
"../../../Engine/Content/EditorMeshes/Camera/SM_CraneRig_Arm.uasset" 146
"../../../Engine/Content/EditorMeshes/Camera/SM_CraneRig_Arm.uexp" 147
"../../../Engine/Content/EditorMeshes/Camera/SM_CraneRig_Base.uasset" 148
"../../../Engine/Content/EditorMeshes/Camera/SM_CraneRig_Base.uexp" 149
"../../../Engine/Content/EditorMeshes/Camera/SM_CraneRig_Body.uasset" 150
"../../../Engine/Content/EditorMeshes/Camera/SM_CraneRig_Body.uexp" 151
"../../../Engine/Content/EditorMeshes/Camera/SM_CraneRig_Mount.uasset" 152
"../../../Engine/Content/EditorMeshes/Camera/SM_CraneRig_Mount.uexp" 153
"../../../Engine/Content/EditorMeshes/Camera/SM_RailRig_Mount.uasset" 154
"../../../Engine/Content/EditorMeshes/Camera/SM_RailRig_Mount.uexp" 155
"../../../Engine/Content/EditorMeshes/Camera/SM_RailRig_Track.uasset" 156
"../../../Engine/Content/EditorMeshes/Camera/SM_RailRig_Track.uexp" 157
"../../../Engine/Content/EditorResources/BSPVertex.uasset" 158
"../../../Engine/Content/EditorResources/BSPVertex.uexp" 159
"../../../Engine/Content/EditorResources/EmptyActor.uasset" 160
"../../../Engine/Content/EditorResources/EmptyActor.uexp" 161
"../../../Engine/Content/EditorResources/S_Actor.uasset" 162
"../../../Engine/Content/EditorResources/S_Actor.uexp" 163
"../../../Engine/Content/EditorResources/S_Actor.ubulk" 164
"../../../Engine/Content/EditorResources/S_Note.uasset" 165
"../../../Engine/Content/EditorResources/S_Note.uexp" 166
"../../../Engine/Content/EditorResources/S_Note.ubulk" 167
"../../../Engine/Content/EditorResources/S_Solver.uasset" 168
"../../../Engine/Content/EditorResources/S_Solver.uexp" 169
"../../../Engine/Content/EditorResources/S_Solver.ubulk" 170
"../../../Engine/Content/EditorResources/S_Terrain.uasset" 171
"../../../Engine/Content/EditorResources/S_Terrain.uexp" 172
"../../../Engine/Content/EditorResources/S_Terrain.ubulk" 173
"../../../Engine/Content/EditorResources/S_Trigger.uasset" 174
"../../../Engine/Content/EditorResources/S_Trigger.uexp" 175
"../../../Engine/Content/EditorResources/S_Trigger.ubulk" 176
"../../../Engine/Content/EditorResources/LightIcons/S_LightError.uasset" 177
"../../../Engine/Content/EditorResources/LightIcons/S_LightError.uexp" 178
"../../../Engine/Content/EditorResources/SequenceRecorder/Countdown.uasset" 179
"../../../Engine/Content/EditorResources/SequenceRecorder/Countdown.uexp" 180
"../../../Engine/Content/EditorResources/SequenceRecorder/RecordingIndicator.uasset" 181
"../../../Engine/Content/EditorResources/SequenceRecorder/RecordingIndicator.uexp" 182
"../../../Engine/Content/EngineDamageTypes/DmgTypeBP_Environmental.uasset" 183
"../../../Engine/Content/EngineDamageTypes/DmgTypeBP_Environmental.uexp" 184
"../../../Engine/Content/EngineDebugMaterials/DebugEditorMaterial.uasset" 185
"../../../Engine/Content/EngineDebugMaterials/DebugEditorMaterial.uexp" 186
"../../../Engine/Content/EngineDebugMaterials/DebugMeshMaterial.uasset" 187
"../../../Engine/Content/EngineDebugMaterials/DebugMeshMaterial.uexp" 188
"../../../Engine/Content/EngineDebugMaterials/M_SimpleUnlitTranslucent.uasset" 189
"../../../Engine/Content/EngineDebugMaterials/M_SimpleUnlitTranslucent.uexp" 190
"../../../Engine/Content/EngineDebugMaterials/VolumeToRender.uasset" 191
"../../../Engine/Content/EngineDebugMaterials/VolumeToRender.uexp" 192
"../../../Engine/Content/Functions/Engine_MaterialFunctions02/Utility/CameraDirectionVector.uasset" 193
"../../../Engine/Content/Functions/Engine_MaterialFunctions02/Utility/CameraDirectionVector.uexp" 194
"../../../Engine/Content/EngineDebugMaterials/M_VolumeRenderSphereTracePP.uasset" 195
"../../../Engine/Content/EngineDebugMaterials/M_VolumeRenderSphereTracePP.uexp" 196
"../../../Engine/Content/Functions/Engine_MaterialFunctions01/Shading/ConvertFromDiffSpec.uasset" 197
"../../../Engine/Content/Functions/Engine_MaterialFunctions01/Shading/ConvertFromDiffSpec.uexp" 198
"../../../Engine/Content/EngineDebugMaterials/VertexColorMaterial.uasset" 199
"../../../Engine/Content/EngineDebugMaterials/VertexColorMaterial.uexp" 200
"../../../Engine/Content/EngineDebugMaterials/WireframeMaterial.uasset" 201
"../../../Engine/Content/EngineDebugMaterials/WireframeMaterial.uexp" 202
"../../../Engine/Content/EngineFonts/Faces/RobotoRegular.uasset" 203
"../../../Engine/Content/EngineFonts/Faces/RobotoRegular.uexp" 204
"../../../Engine/Content/EngineFonts/Faces/RobotoRegular.ufont" 205
"../../../Engine/Content/EngineFonts/Faces/RobotoLight.uasset" 206
"../../../Engine/Content/EngineFonts/Faces/RobotoLight.uexp" 207
"../../../Engine/Content/EngineFonts/Faces/RobotoLight.ufont" 208
"../../../Engine/Content/EngineFonts/Faces/RobotoItalic.uasset" 209
"../../../Engine/Content/EngineFonts/Faces/RobotoItalic.uexp" 210
"../../../Engine/Content/EngineFonts/Faces/RobotoItalic.ufont" 211
"../../../Engine/Content/EngineFonts/Faces/RobotoBoldItalic.uasset" 212
"../../../Engine/Content/EngineFonts/Faces/RobotoBoldItalic.uexp" 213
"../../../Engine/Content/EngineFonts/Faces/RobotoBoldItalic.ufont" 214
"../../../Engine/Content/EngineFonts/Faces/RobotoBold.uasset" 215
"../../../Engine/Content/EngineFonts/Faces/RobotoBold.uexp" 216
"../../../Engine/Content/EngineFonts/Faces/RobotoBold.ufont" 217
"../../../Engine/Content/EngineFonts/Faces/DroidSansFallback.uasset" 218
"../../../Engine/Content/EngineFonts/Faces/DroidSansFallback.uexp" 219
"../../../Engine/Content/EngineFonts/Faces/DroidSansFallback.ufont" 220
"../../../Engine/Content/EngineFonts/Roboto.uasset" 221
"../../../Engine/Content/EngineFonts/Roboto.uexp" 222
"../../../Engine/Content/EngineMaterials/BaseFlattenDiffuseMap.uasset" 223
"../../../Engine/Content/EngineMaterials/BaseFlattenDiffuseMap.uexp" 224
"../../../Engine/Content/EngineMaterials/BaseFlattenNormalMap.uasset" 225
"../../../Engine/Content/EngineMaterials/BaseFlattenNormalMap.uexp" 226
"../../../Engine/Content/EngineMaterials/BaseFlattenGrayscaleMap.uasset" 227
"../../../Engine/Content/EngineMaterials/BaseFlattenGrayscaleMap.uexp" 228
"../../../Engine/Content/EngineMaterials/BaseFlattenEmissiveMap.uasset" 229
"../../../Engine/Content/EngineMaterials/BaseFlattenEmissiveMap.uexp" 230
"../../../Engine/Content/EngineMaterials/BaseFlattenMaterial.uasset" 231
"../../../Engine/Content/EngineMaterials/BaseFlattenMaterial.uexp" 232
"../../../Engine/Content/EngineMaterials/BlueNoise.uasset" 233
"../../../Engine/Content/EngineMaterials/BlueNoise.uexp" 234
"../../../Engine/Content/EngineMaterials/DefaultBloomKernel.uasset" 235
"../../../Engine/Content/EngineMaterials/DefaultBloomKernel.uexp" 236
"../../../Engine/Content/EngineMaterials/DefaultBokeh.uasset" 237
"../../../Engine/Content/EngineMaterials/DefaultBokeh.uexp" 238
"../../../Engine/Content/EngineMaterials/DefaultDiffuse.uasset" 239
"../../../Engine/Content/EngineMaterials/DefaultDiffuse.uexp" 240
"../../../Engine/Content/EngineMaterials/DefaultDiffuse.ubulk" 241
"../../../Engine/Content/EngineMaterials/DefaultDeferredDecalMaterial.uasset" 242
"../../../Engine/Content/EngineMaterials/DefaultDeferredDecalMaterial.uexp" 243
"../../../Engine/Content/EngineMaterials/DefaultLightFunctionMaterial.uasset" 244
"../../../Engine/Content/EngineMaterials/DefaultLightFunctionMaterial.uexp" 245
"../../../Engine/Content/EngineMaterials/DefaultPhysicalMaterial.uasset" 246
"../../../Engine/Content/EngineMaterials/DefaultPhysicalMaterial.uexp" 247
"../../../Engine/Content/Functions/Engine_MaterialFunctions02/Utility/BreakOutFloat2Components.uasset" 248
"../../../Engine/Content/Functions/Engine_MaterialFunctions02/Utility/BreakOutFloat2Components.uexp" 249
"../../../Engine/Content/EngineMaterials/DefaultPostProcessMaterial.uasset" 250
"../../../Engine/Content/EngineMaterials/DefaultPostProcessMaterial.uexp" 251
"../../../Engine/Content/EngineFonts/RobotoDistanceField.uasset" 252
"../../../Engine/Content/EngineFonts/RobotoDistanceField.uexp" 253
"../../../Engine/Content/EngineMaterials/DefaultTextMaterialOpaque.uasset" 254
"../../../Engine/Content/EngineMaterials/DefaultTextMaterialOpaque.uexp" 255
"../../../Engine/Content/EngineMaterials/DefaultWhiteGrid.uasset" 256
"../../../Engine/Content/EngineMaterials/DefaultWhiteGrid.uexp" 257
"../../../Engine/Content/EngineMaterials/DefaultWhiteGrid.ubulk" 258
"../../../Engine/Content/EngineMaterials/DefaultWhiteGrid_Low.uasset" 259
"../../../Engine/Content/EngineMaterials/DefaultWhiteGrid_Low.uexp" 260
"../../../Engine/Content/EngineMaterials/EmissiveMeshMaterial.uasset" 261
"../../../Engine/Content/EngineMaterials/EmissiveMeshMaterial.uexp" 262
"../../../Engine/Content/EngineMaterials/GizmoMaterial.uasset" 263
"../../../Engine/Content/EngineMaterials/GizmoMaterial.uexp" 264
"../../../Engine/Content/EngineMaterials/Good64x64TilingNoiseHighFreq.uasset" 265
"../../../Engine/Content/EngineMaterials/Good64x64TilingNoiseHighFreq.uexp" 266
"../../../Engine/Content/EngineMaterials/MiniFont.uasset" 267
"../../../Engine/Content/EngineMaterials/MiniFont.uexp" 268
"../../../Engine/Content/EngineMaterials/InvalidLightmapSettings.uasset" 269
"../../../Engine/Content/EngineMaterials/InvalidLightmapSettings.uexp" 270
"../../../Engine/Content/EngineMaterials/InvalidLightmapSettings.ubulk" 271
"../../../Engine/Content/EngineMaterials/M_InvalidLightmapSettings.uasset" 272
"../../../Engine/Content/EngineMaterials/M_InvalidLightmapSettings.uexp" 273
"../../../Engine/Content/Functions/Engine_MaterialFunctions02/WorldPositionOffset/CameraOffset.uasset" 274
"../../../Engine/Content/Functions/Engine_MaterialFunctions02/WorldPositionOffset/CameraOffset.uexp" 275
"../../../Engine/Content/EngineMaterials/PhAT_JointLimitMaterial.uasset" 276
"../../../Engine/Content/EngineMaterials/PhAT_JointLimitMaterial.uexp" 277
"../../../Engine/Content/EngineMaterials/DefaultCalibrationColor.uasset" 278
"../../../Engine/Content/EngineMaterials/DefaultCalibrationColor.uexp" 279
"../../../Engine/Content/EngineMaterials/PPM_DefaultCalibrationColor.uasset" 280
"../../../Engine/Content/EngineMaterials/PPM_DefaultCalibrationColor.uexp" 281
"../../../Engine/Content/EngineMaterials/DefaultCalibrationGrayscale.uasset" 282
"../../../Engine/Content/EngineMaterials/DefaultCalibrationGrayscale.uexp" 283
"../../../Engine/Content/EngineMaterials/PPM_DefaultCalibrationGrayscale.uasset" 284
"../../../Engine/Content/EngineMaterials/PPM_DefaultCalibrationGrayscale.uexp" 285
"../../../Engine/Content/EngineMaterials/PreintegratedSkinBRDF.uasset" 286
"../../../Engine/Content/EngineMaterials/PreintegratedSkinBRDF.uexp" 287
"../../../Engine/Content/EngineMaterials/RemoveSurfaceMaterial.uasset" 288
"../../../Engine/Content/EngineMaterials/RemoveSurfaceMaterial.uexp" 289
"../../../Engine/Content/EngineMaterials/WeightMapPlaceholderTexture.uasset" 290
"../../../Engine/Content/EngineMaterials/WeightMapPlaceholderTexture.uexp" 291
"../../../Engine/Content/EngineResources/WhiteSquareTexture.uasset" 292
"../../../Engine/Content/EngineResources/WhiteSquareTexture.uexp" 293
"../../../Engine/Content/EngineMaterials/Widget3DPassThrough.uasset" 294
"../../../Engine/Content/EngineMaterials/Widget3DPassThrough.uexp" 295
"../../../Engine/Content/EngineMaterials/Widget3DPassThrough_Masked.uasset" 296
"../../../Engine/Content/EngineMaterials/Widget3DPassThrough_Masked.uexp" 297
"../../../Engine/Content/EngineMaterials/Widget3DPassThrough_Opaque.uasset" 298
"../../../Engine/Content/EngineMaterials/Widget3DPassThrough_Opaque.uexp" 299
"../../../Engine/Content/EngineMaterials/Widget3DPassThrough_Masked_OneSided.uasset" 300
"../../../Engine/Content/EngineMaterials/Widget3DPassThrough_Masked_OneSided.uexp" 301
"../../../Engine/Content/EngineMaterials/Widget3DPassThrough_Opaque_OneSided.uasset" 302
"../../../Engine/Content/EngineMaterials/Widget3DPassThrough_Opaque_OneSided.uexp" 303
"../../../Engine/Content/EngineMaterials/Widget3DPassThrough_Translucent.uasset" 304
"../../../Engine/Content/EngineMaterials/Widget3DPassThrough_Translucent.uexp" 305
"../../../Engine/Content/EngineMaterials/Widget3DPassThrough_Translucent_OneSided.uasset" 306
"../../../Engine/Content/EngineMaterials/Widget3DPassThrough_Translucent_OneSided.uexp" 307
"../../../Engine/Content/EngineMeshes/Cylinder.uasset" 308
"../../../Engine/Content/EngineMeshes/Cylinder.uexp" 309
"../../../Engine/Content/EngineMeshes/Sphere.uasset" 310
"../../../Engine/Content/EngineMeshes/Sphere.uexp" 311
"../../../Engine/Content/EngineResources/DefaultTexture.uasset" 312
"../../../Engine/Content/EngineResources/DefaultTexture.uexp" 313
"../../../Engine/Content/EngineResources/DefaultTexture.ubulk" 314
"../../../Engine/Content/EngineResources/DefaultTextureCube.uasset" 315
"../../../Engine/Content/EngineResources/DefaultTextureCube.uexp" 316
"../../../Engine/Content/EngineResources/DefaultVolumeTexture2D.uasset" 317
"../../../Engine/Content/EngineResources/DefaultVolumeTexture2D.uexp" 318
"../../../Engine/Content/EngineResources/DefaultVolumeTexture.uasset" 319
"../../../Engine/Content/EngineResources/DefaultVolumeTexture.uexp" 320
"../../../Engine/Content/EngineResources/GradientTexture0.uasset" 321
"../../../Engine/Content/EngineResources/GradientTexture0.uexp" 322
"../../../Engine/Content/EngineSky/VolumetricClouds/T_NoiseShape64.uasset" 323
"../../../Engine/Content/EngineSky/VolumetricClouds/T_NoiseShape64.uexp" 324
"../../../Engine/Content/EngineSky/VolumetricClouds/T_NoiseShape64.ubulk" 325
"../../../Engine/Content/EngineSky/VolumetricClouds/T_VolumeNoiseShape64.uasset" 326
"../../../Engine/Content/EngineSky/VolumetricClouds/T_VolumeNoiseShape64.uexp" 327
"../../../Engine/Content/EngineSky/VolumetricClouds/T_NoiseErosion.uasset" 328
"../../../Engine/Content/EngineSky/VolumetricClouds/T_NoiseErosion.uexp" 329
"../../../Engine/Content/EngineSky/VolumetricClouds/T_NoiseErosion.ubulk" 330
"../../../Engine/Content/EngineSky/VolumetricClouds/T_VolumeNoiseErosion32.uasset" 331
"../../../Engine/Content/EngineSky/VolumetricClouds/T_VolumeNoiseErosion32.uexp" 332
"../../../Engine/Content/EngineSky/VolumetricClouds/CloudWeatherTexture.uasset" 333
"../../../Engine/Content/EngineSky/VolumetricClouds/CloudWeatherTexture.uexp" 334
"../../../Engine/Content/EngineSky/VolumetricClouds/CloudGradientTexture.uasset" 335
"../../../Engine/Content/EngineSky/VolumetricClouds/CloudGradientTexture.uexp" 336
"../../../Engine/Content/EngineSky/VolumetricClouds/m_SimpleVolumetricCloud.uasset" 337
"../../../Engine/Content/EngineSky/VolumetricClouds/m_SimpleVolumetricCloud.uexp" 338
"../../../Engine/Content/EngineSky/VolumetricClouds/m_SimpleVolumetricCloud_Inst.uasset" 339
"../../../Engine/Content/EngineSky/VolumetricClouds/m_SimpleVolumetricCloud_Inst.uexp" 340
"../../../Engine/Content/EngineSounds/Master.uasset" 341
"../../../Engine/Content/EngineSounds/Master.uexp" 342
"../../../Engine/Content/Functions/Engine_MaterialFunctions01/Shading/PowerToRoughness.uasset" 343
"../../../Engine/Content/Functions/Engine_MaterialFunctions01/Shading/PowerToRoughness.uexp" 344
"../../../Engine/Content/Maps/Templates/Thumbnails/Default.uasset" 345
"../../../Engine/Content/Maps/Templates/Thumbnails/Default.uexp" 346
"../../../Engine/Content/Maps/Templates/Thumbnails/TimeOfDay.uasset" 347
"../../../Engine/Content/Maps/Templates/Thumbnails/TimeOfDay.uexp" 348
"../../../Engine/Content/Maps/Templates/Thumbnails/VR-Basic.uasset" 349
"../../../Engine/Content/Maps/Templates/Thumbnails/VR-Basic.uexp" 350
"../../../Engine/Content/MobileResources/T_MobileControls_texture.uasset" 351
"../../../Engine/Content/MobileResources/T_MobileControls_texture.uexp" 352
"../../../Engine/Content/MobileResources/T_MobileMenu2.uasset" 353
"../../../Engine/Content/MobileResources/T_MobileMenu2.uexp" 354
"../../../Engine/Content/MobileResources/HUD/AnalogHat.uasset" 355
"../../../Engine/Content/MobileResources/HUD/AnalogHat.uexp" 356
"../../../Engine/Content/MobileResources/HUD/VirtualJoystick_Thumb.uasset" 357
"../../../Engine/Content/MobileResources/HUD/VirtualJoystick_Thumb.uexp" 358
"../../../Engine/Content/MobileResources/HUD/VirtualJoystick_Background.uasset" 359
"../../../Engine/Content/MobileResources/HUD/VirtualJoystick_Background.uexp" 360
"../../../Engine/Content/MobileResources/HUD/DefaultVirtualJoysticks.uasset" 361
"../../../Engine/Content/MobileResources/HUD/DefaultVirtualJoysticks.uexp" 362
"../../../Engine/Content/MobileResources/HUD/LeftVirtualJoystickOnly.uasset" 363
"../../../Engine/Content/MobileResources/HUD/LeftVirtualJoystickOnly.uexp" 364
"../../../Engine/Content/MobileResources/HUD/MobileHUDButton1_off.uasset" 365
"../../../Engine/Content/MobileResources/HUD/MobileHUDButton1_off.uexp" 366
"../../../Engine/Content/MobileResources/HUD/MobileHUDButton1_on.uasset" 367
"../../../Engine/Content/MobileResources/HUD/MobileHUDButton1_on.uexp" 368
"../../../Engine/Content/MobileResources/HUD/MobileHUDButton2_off.uasset" 369
"../../../Engine/Content/MobileResources/HUD/MobileHUDButton2_off.uexp" 370
"../../../Engine/Content/MobileResources/HUD/MobileHUDButton2_on.uasset" 371
"../../../Engine/Content/MobileResources/HUD/MobileHUDButton2_on.uexp" 372
"../../../Engine/Content/MobileResources/HUD/MobileHUDButton3.uasset" 373
"../../../Engine/Content/MobileResources/HUD/MobileHUDButton3.uexp" 374
"../../../Engine/Content/MobileResources/HUD/MobileHUDButtonFire.uasset" 375
"../../../Engine/Content/MobileResources/HUD/MobileHUDButtonFire.uexp" 376
"../../../Engine/Content/MobileResources/HUD/MobileHUDDirectionPad.uasset" 377
"../../../Engine/Content/MobileResources/HUD/MobileHUDDirectionPad.uexp" 378
"../../../Engine/Content/MobileResources/HUD/MobileHUDDirectionPad2.uasset" 379
"../../../Engine/Content/MobileResources/HUD/MobileHUDDirectionPad2.uexp" 380
"../../../Engine/Content/MobileResources/HUD/MobileHUDDirectionPad3.uasset" 381
"../../../Engine/Content/MobileResources/HUD/MobileHUDDirectionPad3.uexp" 382
"../../../Engine/Content/MobileResources/HUD/MobileHUDDirectionStick.uasset" 383
"../../../Engine/Content/MobileResources/HUD/MobileHUDDirectionStick.uexp" 384
"../../../Engine/Content/MobileResources/HUD/T_Castle_ThumbstickInner.uasset" 385
"../../../Engine/Content/MobileResources/HUD/T_Castle_ThumbstickInner.uexp" 386
"../../../Engine/Content/MobileResources/HUD/T_Castle_ThumbstickOutter.uasset" 387
"../../../Engine/Content/MobileResources/HUD/T_Castle_ThumbstickOutter.uexp" 388
"../../../Engine/Content/Tutorial/ContentIntroCurve.uasset" 389
"../../../Engine/Content/Tutorial/ContentIntroCurve.uexp" 390
"../../../Engine/Content/VREditor/TransformGizmo/TranslucentTransformGizmoMaterial.uasset" 391
"../../../Engine/Content/VREditor/TransformGizmo/TranslucentTransformGizmoMaterial.uexp" 392
"../../../Engine/Content/VREditor/LaserPointer/VR_LaserPower_01.uasset" 393
"../../../Engine/Content/VREditor/LaserPointer/VR_LaserPower_01.uexp" 394
"../../../Engine/Content/VREditor/LaserPointer/VR_LaserPower_01.ubulk" 395
"../../../Engine/Content/VREditor/TransformGizmo/TransformGizmoMaterial.uasset" 396
"../../../Engine/Content/VREditor/TransformGizmo/TransformGizmoMaterial.uexp" 397
"../../../Engine/Content/VREditor/TransformGizmo/BoundingBoxCorner.uasset" 398
"../../../Engine/Content/VREditor/TransformGizmo/BoundingBoxCorner.uexp" 399
"../../../Engine/Content/VREditor/TransformGizmo/BoundingBoxEdge.uasset" 400
"../../../Engine/Content/VREditor/TransformGizmo/BoundingBoxEdge.uexp" 401
"../../../Engine/Content/VREditor/TransformGizmo/PlaneTranslationHandle.uasset" 402
"../../../Engine/Content/VREditor/TransformGizmo/PlaneTranslationHandle.uexp" 403
"../../../Engine/Content/VREditor/TransformGizmo/Xray.uasset" 404
"../../../Engine/Content/VREditor/TransformGizmo/Xray.uexp" 405
"../../../Engine/Content/VREditor/TransformGizmo/Main.uasset" 406
"../../../Engine/Content/VREditor/TransformGizmo/Main.uexp" 407
"../../../Engine/Content/VREditor/TransformGizmo/SM_Sequencer_Key.uasset" 408
"../../../Engine/Content/VREditor/TransformGizmo/SM_Sequencer_Key.uexp" 409
"../../../Engine/Content/VREditor/TransformGizmo/SM_Sequencer_Node.uasset" 410
"../../../Engine/Content/VREditor/TransformGizmo/SM_Sequencer_Node.uexp" 411
"../../../Engine/Plugins/2D/Paper2D/Content/PlaceholderTextures/DummySpriteTexture.uasset" 412
"../../../Engine/Plugins/2D/Paper2D/Content/PlaceholderTextures/DummySpriteTexture.uexp" 413
"../../../Engine/Plugins/2D/Paper2D/Content/PlaceholderTextures/DummySpriteTexture.ubulk" 414
"../../../Engine/Plugins/2D/Paper2D/Content/DummySprite.uasset" 415
"../../../Engine/Plugins/2D/Paper2D/Content/DummySprite.uexp" 416
"../../../Engine/Plugins/2D/Paper2D/Content/DefaultPaperTerrainMaterial.uasset" 417
"../../../Engine/Plugins/2D/Paper2D/Content/DefaultPaperTerrainMaterial.uexp" 418
"../../../Engine/Plugins/2D/Paper2D/Content/DefaultSpriteMaterial.uasset" 419
"../../../Engine/Plugins/2D/Paper2D/Content/DefaultSpriteMaterial.uexp" 420
"../../../Engine/Plugins/2D/Paper2D/Content/MaskedUnlitSpriteMaterial.uasset" 421
"../../../Engine/Plugins/2D/Paper2D/Content/MaskedUnlitSpriteMaterial.uexp" 422
"../../../Engine/Plugins/2D/Paper2D/Content/OpaqueUnlitSpriteMaterial.uasset" 423
"../../../Engine/Plugins/2D/Paper2D/Content/OpaqueUnlitSpriteMaterial.uexp" 424
"../../../Engine/Content/Functions/Engine_MaterialFunctions02/ObjectLocalBounds.uasset" 425
"../../../Engine/Content/Functions/Engine_MaterialFunctions02/ObjectLocalBounds.uexp" 426
"../../../Engine/Content/Functions/Engine_MaterialFunctions02/Utility/BreakOutFloat3Components.uasset" 427
"../../../Engine/Content/Functions/Engine_MaterialFunctions02/Utility/BreakOutFloat3Components.uexp" 428
"../../../Engine/Plugins/Editor/SpeedTreeImporter/Content/SpeedTree9/UnpackInteger3.uasset" 429
"../../../Engine/Plugins/Editor/SpeedTreeImporter/Content/SpeedTree9/UnpackInteger3.uexp" 430
"../../../Engine/Plugins/Editor/SpeedTreeImporter/Content/SpeedTree9/UnpackDirection.uasset" 431
"../../../Engine/Plugins/Editor/SpeedTreeImporter/Content/SpeedTree9/UnpackDirection.uexp" 432
"../../../Engine/Plugins/Editor/SpeedTreeImporter/Content/SpeedTree9/game_wind_noise.uasset" 433
"../../../Engine/Plugins/Editor/SpeedTreeImporter/Content/SpeedTree9/game_wind_noise.uexp" 434
"../../../Engine/Plugins/Editor/SpeedTreeImporter/Content/SpeedTree9/game_wind_noise.ubulk" 435
"../../../Engine/Content/Functions/Engine_MaterialFunctions02/SafeNormalize.uasset" 436
"../../../Engine/Content/Functions/Engine_MaterialFunctions02/SafeNormalize.uexp" 437
"../../../Engine/Plugins/Editor/SpeedTreeImporter/Content/SpeedTree9/SpeedTreeWindMotion.uasset" 438
"../../../Engine/Plugins/Editor/SpeedTreeImporter/Content/SpeedTree9/SpeedTreeWindMotion.uexp" 439
"../../../Engine/Plugins/Editor/SpeedTreeImporter/Content/SpeedTree9/SpeedTreeBranchMotion.uasset" 440
"../../../Engine/Plugins/Editor/SpeedTreeImporter/Content/SpeedTree9/SpeedTreeBranchMotion.uexp" 441
"../../../Engine/Content/Functions/Engine_MaterialFunctions02/UVs/BoundingBoxBased_0-1_UVW.uasset" 442
"../../../Engine/Content/Functions/Engine_MaterialFunctions02/UVs/BoundingBoxBased_0-1_UVW.uexp" 443
"../../../Engine/Plugins/Editor/SpeedTreeImporter/Content/SpeedTree9/SpeedTreeWind.uasset" 444
"../../../Engine/Plugins/Editor/SpeedTreeImporter/Content/SpeedTree9/SpeedTreeWind.uexp" 445
"../../../Engine/Plugins/Editor/SpeedTreeImporter/Content/SpeedTree9/SpeedTreeBillboard.uasset" 446
"../../../Engine/Plugins/Editor/SpeedTreeImporter/Content/SpeedTree9/SpeedTreeBillboard.uexp" 447
"../../../Engine/Plugins/Editor/SpeedTreeImporter/Content/SpeedTree9/EmptyNormal.uasset" 448
"../../../Engine/Plugins/Editor/SpeedTreeImporter/Content/SpeedTree9/EmptyNormal.uexp" 449
"../../../Engine/Plugins/Editor/SpeedTreeImporter/Content/SpeedTree9/Empty.uasset" 450
"../../../Engine/Plugins/Editor/SpeedTreeImporter/Content/SpeedTree9/Empty.uexp" 451
"../../../Engine/Plugins/Editor/SpeedTreeImporter/Content/SpeedTree9/SpeedTreeBillboardMaster.uasset" 452
"../../../Engine/Plugins/Editor/SpeedTreeImporter/Content/SpeedTree9/SpeedTreeBillboardMaster.uexp" 453
"../../../Engine/Plugins/Editor/SpeedTreeImporter/Content/SpeedTree9/SpeedTreeCameraFacing.uasset" 454
"../../../Engine/Plugins/Editor/SpeedTreeImporter/Content/SpeedTree9/SpeedTreeCameraFacing.uexp" 455
"../../../Engine/Plugins/Editor/SpeedTreeImporter/Content/SpeedTree9/SpeedTreeMaster.uasset" 456
"../../../Engine/Plugins/Editor/SpeedTreeImporter/Content/SpeedTree9/SpeedTreeMaster.uexp" 457
"../../../Engine/Content/BasicShapes/Cylinder.uasset" 458
"../../../Engine/Content/BasicShapes/Cylinder.uexp" 459
"../../../Engine/Content/ArtTools/RenderToTexture/Materials/Debug/M_Emissive_Color.uasset" 460
"../../../Engine/Content/ArtTools/RenderToTexture/Materials/Debug/M_Emissive_Color.uexp" 461
"../../../Engine/Plugins/Lumin/MagicLeapPassableWorld/Content/MagicLeapARPinInfoActor.uasset" 462
"../../../Engine/Plugins/Lumin/MagicLeapPassableWorld/Content/MagicLeapARPinInfoActor.uexp" 463
"../../../Engine/Plugins/Runtime/OpenXR/Content/Devices/GoogleDaydream/MRTexture.uasset" 464
"../../../Engine/Plugins/Runtime/OpenXR/Content/Devices/GoogleDaydream/MRTexture.uexp" 465
"../../../Engine/Plugins/Runtime/OpenXR/Content/Devices/GoogleDaydream/MRTexture.ubulk" 466
"../../../Engine/Plugins/Runtime/OpenXR/Content/Devices/GoogleDaydream/BaseTexture.uasset" 467
"../../../Engine/Plugins/Runtime/OpenXR/Content/Devices/GoogleDaydream/BaseTexture.uexp" 468
"../../../Engine/Plugins/Runtime/OpenXR/Content/Devices/GoogleDaydream/BaseTexture.ubulk" 469
"../../../Engine/Content/EngineResources/Black.uasset" 470
"../../../Engine/Content/EngineResources/Black.uexp" 471
"../../../Engine/Plugins/Runtime/OpenXR/Content/Devices/M_XRController.uasset" 472
"../../../Engine/Plugins/Runtime/OpenXR/Content/Devices/M_XRController.uexp" 473
"../../../Engine/Plugins/Runtime/OpenXR/Content/Devices/GoogleDaydream/MI_GoogleDaydream.uasset" 474
"../../../Engine/Plugins/Runtime/OpenXR/Content/Devices/GoogleDaydream/MI_GoogleDaydream.uexp" 475
"../../../Engine/Plugins/Runtime/OpenXR/Content/Devices/GoogleDaydream/GoogleDaydreamController.uasset" 476
"../../../Engine/Plugins/Runtime/OpenXR/Content/Devices/GoogleDaydream/GoogleDaydreamController.uexp" 477
"../../../Engine/Plugins/Runtime/OpenXR/Content/Devices/HTCVive/BaseTexture.uasset" 478
"../../../Engine/Plugins/Runtime/OpenXR/Content/Devices/HTCVive/BaseTexture.uexp" 479
"../../../Engine/Plugins/Runtime/OpenXR/Content/Devices/HTCVive/BaseTexture.ubulk" 480
"../../../Engine/Plugins/Runtime/OpenXR/Content/Devices/HTCVive/MI_HTCVive.uasset" 481
"../../../Engine/Plugins/Runtime/OpenXR/Content/Devices/HTCVive/MI_HTCVive.uexp" 482
"../../../Engine/Plugins/Runtime/OpenXR/Content/Devices/HTCVive/HTCViveController.uasset" 483
"../../../Engine/Plugins/Runtime/OpenXR/Content/Devices/HTCVive/HTCViveController.uexp" 484
"../../../Engine/Plugins/Runtime/OpenXR/Content/Devices/MicrosoftMixedReality/NormalTexture.uasset" 485
"../../../Engine/Plugins/Runtime/OpenXR/Content/Devices/MicrosoftMixedReality/NormalTexture.uexp" 486
"../../../Engine/Plugins/Runtime/OpenXR/Content/Devices/MicrosoftMixedReality/NormalTexture.ubulk" 487
"../../../Engine/Plugins/Runtime/OpenXR/Content/Devices/MicrosoftMixedReality/MRTexture.uasset" 488
"../../../Engine/Plugins/Runtime/OpenXR/Content/Devices/MicrosoftMixedReality/MRTexture.uexp" 489
"../../../Engine/Plugins/Runtime/OpenXR/Content/Devices/MicrosoftMixedReality/MRTexture.ubulk" 490
"../../../Engine/Plugins/Runtime/OpenXR/Content/Devices/MicrosoftMixedReality/EmissiveTexture.uasset" 491
"../../../Engine/Plugins/Runtime/OpenXR/Content/Devices/MicrosoftMixedReality/EmissiveTexture.uexp" 492
"../../../Engine/Plugins/Runtime/OpenXR/Content/Devices/MicrosoftMixedReality/EmissiveTexture.ubulk" 493
"../../../Engine/Plugins/Runtime/OpenXR/Content/Devices/MicrosoftMixedReality/BaseTexture.uasset" 494
"../../../Engine/Plugins/Runtime/OpenXR/Content/Devices/MicrosoftMixedReality/BaseTexture.uexp" 495
"../../../Engine/Plugins/Runtime/OpenXR/Content/Devices/MicrosoftMixedReality/BaseTexture.ubulk" 496
"../../../Engine/Plugins/Runtime/OpenXR/Content/Devices/MicrosoftMixedReality/MI_MicrosoftMixedReality.uasset" 497
"../../../Engine/Plugins/Runtime/OpenXR/Content/Devices/MicrosoftMixedReality/MI_MicrosoftMixedReality.uexp" 498
"../../../Engine/Plugins/Runtime/OpenXR/Content/Devices/MicrosoftMixedReality/Left/left_MicrosoftMixedRealityController.uasset" 499
"../../../Engine/Plugins/Runtime/OpenXR/Content/Devices/MicrosoftMixedReality/Left/left_MicrosoftMixedRealityController.uexp" 500
"../../../Engine/Plugins/Runtime/OpenXR/Content/Devices/MicrosoftMixedReality/Right/right_MicrosoftMixedRealityController.uasset" 501
"../../../Engine/Plugins/Runtime/OpenXR/Content/Devices/MicrosoftMixedReality/Right/right_MicrosoftMixedRealityController.uexp" 502
"../../../Engine/Plugins/Runtime/OpenXR/Content/Devices/OculusGo/BaseTexture.uasset" 503
"../../../Engine/Plugins/Runtime/OpenXR/Content/Devices/OculusGo/BaseTexture.uexp" 504
"../../../Engine/Plugins/Runtime/OpenXR/Content/Devices/OculusGo/BaseTexture.ubulk" 505
"../../../Engine/Plugins/Runtime/OpenXR/Content/Devices/OculusGo/MI_OculusGo.uasset" 506
"../../../Engine/Plugins/Runtime/OpenXR/Content/Devices/OculusGo/MI_OculusGo.uexp" 507
"../../../Engine/Plugins/Runtime/OpenXR/Content/Devices/OculusGo/OculusGoController.uasset" 508
"../../../Engine/Plugins/Runtime/OpenXR/Content/Devices/OculusGo/OculusGoController.uexp" 509
"../../../Engine/Plugins/Runtime/OpenXR/Content/Devices/OculusTouch/MRTexture.uasset" 510
"../../../Engine/Plugins/Runtime/OpenXR/Content/Devices/OculusTouch/MRTexture.uexp" 511
"../../../Engine/Plugins/Runtime/OpenXR/Content/Devices/OculusTouch/MRTexture.ubulk" 512
"../../../Engine/Plugins/Runtime/OpenXR/Content/Devices/OculusTouch/BaseTexture.uasset" 513
"../../../Engine/Plugins/Runtime/OpenXR/Content/Devices/OculusTouch/BaseTexture.uexp" 514
"../../../Engine/Plugins/Runtime/OpenXR/Content/Devices/OculusTouch/BaseTexture.ubulk" 515
"../../../Engine/Plugins/Runtime/OpenXR/Content/Devices/OculusTouch/MI_OculusTouch.uasset" 516
"../../../Engine/Plugins/Runtime/OpenXR/Content/Devices/OculusTouch/MI_OculusTouch.uexp" 517
"../../../Engine/Plugins/Runtime/OpenXR/Content/Devices/OculusTouch/Left/left_OculusTouchController.uasset" 518
"../../../Engine/Plugins/Runtime/OpenXR/Content/Devices/OculusTouch/Left/left_OculusTouchController.uexp" 519
"../../../Engine/Plugins/Runtime/OpenXR/Content/Devices/OculusTouch/Right/right_OculusTouchController.uasset" 520
"../../../Engine/Plugins/Runtime/OpenXR/Content/Devices/OculusTouch/Right/right_OculusTouchController.uexp" 521
"../../../Engine/Plugins/Runtime/OpenXR/Content/Devices/OculusTouch_v2/MRTexture.uasset" 522
"../../../Engine/Plugins/Runtime/OpenXR/Content/Devices/OculusTouch_v2/MRTexture.uexp" 523
"../../../Engine/Plugins/Runtime/OpenXR/Content/Devices/OculusTouch_v2/MRTexture.ubulk" 524
"../../../Engine/Plugins/Runtime/OpenXR/Content/Devices/OculusTouch_v2/BaseTexture.uasset" 525
"../../../Engine/Plugins/Runtime/OpenXR/Content/Devices/OculusTouch_v2/BaseTexture.uexp" 526
"../../../Engine/Plugins/Runtime/OpenXR/Content/Devices/OculusTouch_v2/BaseTexture.ubulk" 527
"../../../Engine/Plugins/Runtime/OpenXR/Content/Devices/OculusTouch_v2/MI_OculusTouch_v2.uasset" 528
"../../../Engine/Plugins/Runtime/OpenXR/Content/Devices/OculusTouch_v2/MI_OculusTouch_v2.uexp" 529
"../../../Engine/Plugins/Runtime/OpenXR/Content/Devices/OculusTouch_v2/Left/left_OculusTouch_v2Controller.uasset" 530
"../../../Engine/Plugins/Runtime/OpenXR/Content/Devices/OculusTouch_v2/Left/left_OculusTouch_v2Controller.uexp" 531
"../../../Engine/Plugins/Runtime/OpenXR/Content/Devices/OculusTouch_v2/Right/right_OculusTouch_v2Controller.uasset" 532
"../../../Engine/Plugins/Runtime/OpenXR/Content/Devices/OculusTouch_v2/Right/right_OculusTouch_v2Controller.uexp" 533
"../../../Engine/Plugins/Runtime/OpenXR/Content/Devices/OculusTouch_v3/MRTexture.uasset" 534
"../../../Engine/Plugins/Runtime/OpenXR/Content/Devices/OculusTouch_v3/MRTexture.uexp" 535
"../../../Engine/Plugins/Runtime/OpenXR/Content/Devices/OculusTouch_v3/MRTexture.ubulk" 536
"../../../Engine/Plugins/Runtime/OpenXR/Content/Devices/OculusTouch_v3/BaseTexture.uasset" 537
"../../../Engine/Plugins/Runtime/OpenXR/Content/Devices/OculusTouch_v3/BaseTexture.uexp" 538
"../../../Engine/Plugins/Runtime/OpenXR/Content/Devices/OculusTouch_v3/BaseTexture.ubulk" 539
"../../../Engine/Plugins/Runtime/OpenXR/Content/Devices/OculusTouch_v3/MI_OculusTouch_v3.uasset" 540
"../../../Engine/Plugins/Runtime/OpenXR/Content/Devices/OculusTouch_v3/MI_OculusTouch_v3.uexp" 541
"../../../Engine/Plugins/Runtime/OpenXR/Content/Devices/OculusTouch_v3/Left/left_OculusTouch_v3Controller.uasset" 542
"../../../Engine/Plugins/Runtime/OpenXR/Content/Devices/OculusTouch_v3/Left/left_OculusTouch_v3Controller.uexp" 543
"../../../Engine/Plugins/Runtime/OpenXR/Content/Devices/OculusTouch_v3/Right/right_OculusTouch_v3Controller.uasset" 544
"../../../Engine/Plugins/Runtime/OpenXR/Content/Devices/OculusTouch_v3/Right/right_OculusTouch_v3Controller.uexp" 545
"../../../Engine/Plugins/Runtime/OpenXR/Content/Devices/ValveIndex/MRTexture.uasset" 546
"../../../Engine/Plugins/Runtime/OpenXR/Content/Devices/ValveIndex/MRTexture.uexp" 547
"../../../Engine/Plugins/Runtime/OpenXR/Content/Devices/ValveIndex/MRTexture.ubulk" 548
"../../../Engine/Plugins/Runtime/OpenXR/Content/Devices/ValveIndex/BaseTexture.uasset" 549
"../../../Engine/Plugins/Runtime/OpenXR/Content/Devices/ValveIndex/BaseTexture.uexp" 550
"../../../Engine/Plugins/Runtime/OpenXR/Content/Devices/ValveIndex/BaseTexture.ubulk" 551
"../../../Engine/Plugins/Runtime/OpenXR/Content/Devices/ValveIndex/Left/MI_left_ValveIndex.uasset" 552
"../../../Engine/Plugins/Runtime/OpenXR/Content/Devices/ValveIndex/Left/MI_left_ValveIndex.uexp" 553
"../../../Engine/Plugins/Runtime/OpenXR/Content/Devices/ValveIndex/Left/left_ValveIndexController.uasset" 554
"../../../Engine/Plugins/Runtime/OpenXR/Content/Devices/ValveIndex/Left/left_ValveIndexController.uexp" 555
"../../../Engine/Plugins/Runtime/OpenXR/Content/Devices/ValveIndex/Right/MI_right_ValveIndex.uasset" 556
"../../../Engine/Plugins/Runtime/OpenXR/Content/Devices/ValveIndex/Right/MI_right_ValveIndex.uexp" 557
"../../../Engine/Plugins/Runtime/OpenXR/Content/Devices/ValveIndex/Right/right_ValveIndexController.uasset" 558
"../../../Engine/Plugins/Runtime/OpenXR/Content/Devices/ValveIndex/Right/right_ValveIndexController.uexp" 559
"../../../Engine/Content/Functions/Engine_MaterialFunctions02/Utility/BreakOutFloat4Components.uasset" 560
"../../../Engine/Content/Functions/Engine_MaterialFunctions02/Utility/BreakOutFloat4Components.uexp" 561
"../../../Engine/Content/Functions/Engine_MaterialFunctions02/Utility/MakeFloat3.uasset" 562
"../../../Engine/Content/Functions/Engine_MaterialFunctions02/Utility/MakeFloat3.uexp" 563
"../../../Engine/Plugins/Runtime/Oculus/OculusVR/Content/Materials/OculusMR_ChromaKey.uasset" 564
"../../../Engine/Plugins/Runtime/Oculus/OculusVR/Content/Materials/OculusMR_ChromaKey.uexp" 565
"../../../Engine/Plugins/Runtime/Oculus/OculusVR/Content/Materials/OculusMR_OpaqueColoredMaterial.uasset" 566
"../../../Engine/Plugins/Runtime/Oculus/OculusVR/Content/Materials/OculusMR_OpaqueColoredMaterial.uexp" 567
"../../../Engine/Plugins/Runtime/Oculus/OculusVR/Content/Materials/PokeAHoleMaterial.uasset" 568
"../../../Engine/Plugins/Runtime/Oculus/OculusVR/Content/Materials/PokeAHoleMaterial.uexp" 569
"../../../Engine/Plugins/Runtime/Oculus/OculusVR/Content/Textures/touchController_controlmap.uasset" 570
"../../../Engine/Plugins/Runtime/Oculus/OculusVR/Content/Textures/touchController_controlmap.uexp" 571
"../../../Engine/Plugins/Runtime/Oculus/OculusVR/Content/Textures/touchController_controlmap.ubulk" 572
"../../../Engine/Plugins/Runtime/Oculus/OculusVR/Content/Textures/touchController_albedo.uasset" 573
"../../../Engine/Plugins/Runtime/Oculus/OculusVR/Content/Textures/touchController_albedo.uexp" 574
"../../../Engine/Plugins/Runtime/Oculus/OculusVR/Content/Textures/touchController_albedo.ubulk" 575
"../../../Engine/Plugins/Runtime/Oculus/OculusVR/Content/Materials/touchController_mat.uasset" 576
"../../../Engine/Plugins/Runtime/Oculus/OculusVR/Content/Materials/touchController_mat.uexp" 577
"../../../Engine/Plugins/Runtime/Oculus/OculusVR/Content/Meshes/LeftTouchController.uasset" 578
"../../../Engine/Plugins/Runtime/Oculus/OculusVR/Content/Meshes/LeftTouchController.uexp" 579
"../../../Engine/Plugins/Runtime/Oculus/OculusVR/Content/Textures/TouchForQuestRiftSController_albedo.uasset" 580
"../../../Engine/Plugins/Runtime/Oculus/OculusVR/Content/Textures/TouchForQuestRiftSController_albedo.uexp" 581
"../../../Engine/Plugins/Runtime/Oculus/OculusVR/Content/Textures/TouchForQuestRiftSController_albedo.ubulk" 582
"../../../Engine/Plugins/Runtime/Oculus/OculusVR/Content/Materials/TouchForQuestRiftSControllerMaterial.uasset" 583
"../../../Engine/Plugins/Runtime/Oculus/OculusVR/Content/Materials/TouchForQuestRiftSControllerMaterial.uexp" 584
"../../../Engine/Plugins/Runtime/Oculus/OculusVR/Content/Meshes/LeftTouchForQuestRiftSController.uasset" 585
"../../../Engine/Plugins/Runtime/Oculus/OculusVR/Content/Meshes/LeftTouchForQuestRiftSController.uexp" 586
"../../../Engine/Plugins/Runtime/Oculus/OculusVR/Content/Meshes/RiftHMD.uasset" 587
"../../../Engine/Plugins/Runtime/Oculus/OculusVR/Content/Meshes/RiftHMD.uexp" 588
"../../../Engine/Plugins/Runtime/Oculus/OculusVR/Content/Meshes/RightTouchController.uasset" 589
"../../../Engine/Plugins/Runtime/Oculus/OculusVR/Content/Meshes/RightTouchController.uexp" 590
"../../../Engine/Plugins/Runtime/Oculus/OculusVR/Content/Meshes/RightTouchForQuestRiftSController.uasset" 591
"../../../Engine/Plugins/Runtime/Oculus/OculusVR/Content/Meshes/RightTouchForQuestRiftSController.uexp" 592
"../../../Engine/Content/Functions/Engine_MaterialFunctions02/Utility/AppendMany.uasset" 593
"../../../Engine/Content/Functions/Engine_MaterialFunctions02/Utility/AppendMany.uexp" 594
"../../../Engine/Content/BufferVisualization/Anisotropy.uasset" 595
"../../../Engine/Content/BufferVisualization/Anisotropy.uexp" 596
"F:/UnrealEngineFile/SkillBox/Content/Map/SkillBox_BuiltData.uasset" 597
"F:/UnrealEngineFile/SkillBox/Content/Map/SkillBox_BuiltData.uexp" 598
"F:/UnrealEngineFile/SkillBox/Content/Map/SkillBox_BuiltData.ubulk" 599
"../../../Engine/Content/EngineSky/T_Sky_Stars.uasset" 600
"../../../Engine/Content/EngineSky/T_Sky_Stars.uexp" 601
"../../../Engine/Content/EngineSky/T_Sky_Stars.ubulk" 602
"../../../Engine/Content/EngineSky/T_Sky_Clouds_M.uasset" 603
"../../../Engine/Content/EngineSky/T_Sky_Clouds_M.uexp" 604
"../../../Engine/Content/EngineSky/T_Sky_Clouds_M.ubulk" 605
"../../../Engine/Content/EngineSky/T_Sky_Blue.uasset" 606
"../../../Engine/Content/EngineSky/T_Sky_Blue.uexp" 607
"../../../Engine/Content/EngineSky/T_Sky_Blue.ubulk" 608
"../../../Engine/Content/EngineSky/M_Sky_Panning_Clouds2.uasset" 609
"../../../Engine/Content/EngineSky/M_Sky_Panning_Clouds2.uexp" 610
"../../../Engine/Content/EngineSky/SM_SkySphere.uasset" 611
"../../../Engine/Content/EngineSky/SM_SkySphere.uexp" 612
"../../../Engine/Content/Functions/Engine_MaterialFunctions02/3PointLevels.uasset" 613
"../../../Engine/Content/Functions/Engine_MaterialFunctions02/3PointLevels.uexp" 614
"F:/UnrealEngineFile/SkillBox/Content/Environment/Textures/SkyBox/Skybox.uasset" 615
"F:/UnrealEngineFile/SkillBox/Content/Environment/Textures/SkyBox/Skybox.uexp" 616
"F:/UnrealEngineFile/SkillBox/Content/Environment/Textures/SkyBox/skybox_Material.uasset" 617
"F:/UnrealEngineFile/SkillBox/Content/Environment/Textures/SkyBox/skybox_Material.uexp" 618
"F:/UnrealEngineFile/SkillBox/Content/Environment/Textures/SkyBox/skybox_Material_IN.uasset" 619
"F:/UnrealEngineFile/SkillBox/Content/Environment/Textures/SkyBox/skybox_Material_IN.uexp" 620
"F:/UnrealEngineFile/SkillBox/Content/Environment/Textures/SkyBox/skybox_BP.uasset" 621
"F:/UnrealEngineFile/SkillBox/Content/Environment/Textures/SkyBox/skybox_BP.uexp" 622
"F:/UnrealEngineFile/SkillBox/Content/Environment/Materials/TransparentWalls.uasset" 623
"F:/UnrealEngineFile/SkillBox/Content/Environment/Materials/TransparentWalls.uexp" 624
"F:/UnrealEngineFile/SkillBox/Content/Blueprints/Constructuion/Arkanoid/Opponents/WeakOpponent.uasset" 625
"F:/UnrealEngineFile/SkillBox/Content/Blueprints/Constructuion/Arkanoid/Opponents/WeakOpponent.uexp" 626
"F:/UnrealEngineFile/SkillBox/Content/Blueprints/Constructuion/Arkanoid/Opponents/StrongOpponent.uasset" 627
"F:/UnrealEngineFile/SkillBox/Content/Blueprints/Constructuion/Arkanoid/Opponents/StrongOpponent.uexp" 628
"F:/UnrealEngineFile/SkillBox/Content/Blueprints/Constructuion/Arkanoid/Opponents/AverageOpponent.uasset" 629
"F:/UnrealEngineFile/SkillBox/Content/Blueprints/Constructuion/Arkanoid/Opponents/AverageOpponent.uexp" 630
"F:/UnrealEngineFile/SkillBox/Content/Blueprints/Constructuion/Arkanoid/Blocks_BP.uasset" 631
"F:/UnrealEngineFile/SkillBox/Content/Blueprints/Constructuion/Arkanoid/Blocks_BP.uexp" 632
"F:/UnrealEngineFile/SkillBox/Content/Map/SkillBox.uexp" 633
"F:/UnrealEngineFile/SkillBox/Content/Map/SkillBox.umap" 634
"../../../Engine/Content/Maps/Entry_BuiltData.uasset" 635
"../../../Engine/Content/Maps/Entry_BuiltData.uexp" 636
"../../../Engine/Content/Maps/Entry.uexp" 637
"../../../Engine/Content/Maps/Entry.umap" 638
